Arguments: 
  /Users/aodhgan/.nvm/versions/node/v15.11.0/bin/node /Users/aodhgan/.nvm/versions/node/v10.20.1/bin/yarn add -D mocha

PATH: 
  /Users/aodhgan/.nvm/versions/node/v15.11.0/bin:./node_modules/.bin:/Users/aodhgan/.nvm/versions/node/v10.20.1/bin:/usr/local/bin:/usr/bin:/bin:/usr/sbin:/sbin:/Users/aodhgan/Downloads/google-cloud-sdk/bin:./node_modules/.bin:/Users/aodhgan/.nvm/versions/node/v10.20.1/bin:/Users/aodhgan/.yarn/bin:/Users/aodhgan/.yarn/bin

Yarn version: 
  1.22.10

Node version: 
  15.11.0

Platform: 
  darwin x64

Trace: 
  SyntaxError: /Users/aodhgan/tsunami-js-sdk/package.json: Unexpected token } in JSON at position 264
      at JSON.parse (<anonymous>)
      at /Users/aodhgan/.nvm/versions/node/v10.20.1/lib/node_modules/yarn/lib/cli.js:1625:59
      at Generator.next (<anonymous>)
      at step (/Users/aodhgan/.nvm/versions/node/v10.20.1/lib/node_modules/yarn/lib/cli.js:310:30)
      at /Users/aodhgan/.nvm/versions/node/v10.20.1/lib/node_modules/yarn/lib/cli.js:321:13

npm manifest: 
  {
    "name": "@pooltogether/pooltogether-contracts-tsunami",
    "version": "1.0.0-beta.1",
    "description": "PoolTogether Tsunami Smart Contracts",
    "main": "index.js",
    "license": "MIT",
    "scripts": {
      "run" : "ts-node ./src/runSimulation.ts",
      "test": 
    },
    "dependencies": {
    },
    "devDependencies": {
      "ethers": "5.4.4",
      "prettier": "2.2.1",
      "ts-generator": "0.1.1",
      "ts-node": "9.1.1",
      "typescript": "4.2.3"
    },
    "files": [
      "LICENSE",
      "src/**",
      "test/**",
      "types/**"
    ]
  }

yarn manifest: 
  No manifest

Lockfile: 
  # THIS IS AN AUTOGENERATED FILE. DO NOT EDIT THIS FILE DIRECTLY.
  # yarn lockfile v1
  
  
  "@ethersproject/abi@5.4.0", "@ethersproject/abi@^5.4.0":
    version "5.4.0"
    resolved "https://registry.yarnpkg.com/@ethersproject/abi/-/abi-5.4.0.tgz#a6d63bdb3672f738398846d4279fa6b6c9818242"
    integrity sha512-9gU2H+/yK1j2eVMdzm6xvHSnMxk8waIHQGYCZg5uvAyH0rsAzxkModzBSpbAkAuhKFEovC2S9hM4nPuLym8IZw==
    dependencies:
      "@ethersproject/address" "^5.4.0"
      "@ethersproject/bignumber" "^5.4.0"
      "@ethersproject/bytes" "^5.4.0"
      "@ethersproject/constants" "^5.4.0"
      "@ethersproject/hash" "^5.4.0"
      "@ethersproject/keccak256" "^5.4.0"
      "@ethersproject/logger" "^5.4.0"
      "@ethersproject/properties" "^5.4.0"
      "@ethersproject/strings" "^5.4.0"
  
  "@ethersproject/abstract-provider@5.4.1", "@ethersproject/abstract-provider@^5.4.0":
    version "5.4.1"
    resolved "https://registry.yarnpkg.com/@ethersproject/abstract-provider/-/abstract-provider-5.4.1.tgz#e404309a29f771bd4d28dbafadcaa184668c2a6e"
    integrity sha512-3EedfKI3LVpjSKgAxoUaI+gB27frKsxzm+r21w9G60Ugk+3wVLQwhi1LsEJAKNV7WoZc8CIpNrATlL1QFABjtQ==
    dependencies:
      "@ethersproject/bignumber" "^5.4.0"
      "@ethersproject/bytes" "^5.4.0"
      "@ethersproject/logger" "^5.4.0"
      "@ethersproject/networks" "^5.4.0"
      "@ethersproject/properties" "^5.4.0"
      "@ethersproject/transactions" "^5.4.0"
      "@ethersproject/web" "^5.4.0"
  
  "@ethersproject/abstract-signer@5.4.1", "@ethersproject/abstract-signer@^5.4.0":
    version "5.4.1"
    resolved "https://registry.yarnpkg.com/@ethersproject/abstract-signer/-/abstract-signer-5.4.1.tgz#e4e9abcf4dd4f1ba0db7dff9746a5f78f355ea81"
    integrity sha512-SkkFL5HVq1k4/25dM+NWP9MILgohJCgGv5xT5AcRruGz4ILpfHeBtO/y6j+Z3UN/PAjDeb4P7E51Yh8wcGNLGA==
    dependencies:
      "@ethersproject/abstract-provider" "^5.4.0"
      "@ethersproject/bignumber" "^5.4.0"
      "@ethersproject/bytes" "^5.4.0"
      "@ethersproject/logger" "^5.4.0"
      "@ethersproject/properties" "^5.4.0"
  
  "@ethersproject/address@5.4.0", "@ethersproject/address@^5.4.0":
    version "5.4.0"
    resolved "https://registry.yarnpkg.com/@ethersproject/address/-/address-5.4.0.tgz#ba2d00a0f8c4c0854933b963b9a3a9f6eb4a37a3"
    integrity sha512-SD0VgOEkcACEG/C6xavlU1Hy3m5DGSXW3CUHkaaEHbAPPsgi0coP5oNPsxau8eTlZOk/bpa/hKeCNoK5IzVI2Q==
    dependencies:
      "@ethersproject/bignumber" "^5.4.0"
      "@ethersproject/bytes" "^5.4.0"
      "@ethersproject/keccak256" "^5.4.0"
      "@ethersproject/logger" "^5.4.0"
      "@ethersproject/rlp" "^5.4.0"
  
  "@ethersproject/base64@5.4.0", "@ethersproject/base64@^5.4.0":
    version "5.4.0"
    resolved "https://registry.yarnpkg.com/@ethersproject/base64/-/base64-5.4.0.tgz#7252bf65295954c9048c7ca5f43e5c86441b2a9a"
    integrity sha512-CjQw6E17QDSSC5jiM9YpF7N1aSCHmYGMt9bWD8PWv6YPMxjsys2/Q8xLrROKI3IWJ7sFfZ8B3flKDTM5wlWuZQ==
    dependencies:
      "@ethersproject/bytes" "^5.4.0"
  
  "@ethersproject/basex@5.4.0", "@ethersproject/basex@^5.4.0":
    version "5.4.0"
    resolved "https://registry.yarnpkg.com/@ethersproject/basex/-/basex-5.4.0.tgz#0a2da0f4e76c504a94f2b21d3161ed9438c7f8a6"
    integrity sha512-J07+QCVJ7np2bcpxydFVf/CuYo9mZ7T73Pe7KQY4c1lRlrixMeblauMxHXD0MPwFmUHZIILDNViVkykFBZylbg==
    dependencies:
      "@ethersproject/bytes" "^5.4.0"
      "@ethersproject/properties" "^5.4.0"
  
  "@ethersproject/bignumber@5.4.1", "@ethersproject/bignumber@^5.4.0":
    version "5.4.1"
    resolved "https://registry.yarnpkg.com/@ethersproject/bignumber/-/bignumber-5.4.1.tgz#64399d3b9ae80aa83d483e550ba57ea062c1042d"
    integrity sha512-fJhdxqoQNuDOk6epfM7yD6J8Pol4NUCy1vkaGAkuujZm0+lNow//MKu1hLhRiYV4BsOHyBv5/lsTjF+7hWwhJg==
    dependencies:
      "@ethersproject/bytes" "^5.4.0"
      "@ethersproject/logger" "^5.4.0"
      bn.js "^4.11.9"
  
  "@ethersproject/bytes@5.4.0", "@ethersproject/bytes@^5.4.0":
    version "5.4.0"
    resolved "https://registry.yarnpkg.com/@ethersproject/bytes/-/bytes-5.4.0.tgz#56fa32ce3bf67153756dbaefda921d1d4774404e"
    integrity sha512-H60ceqgTHbhzOj4uRc/83SCN9d+BSUnOkrr2intevqdtEMO1JFVZ1XL84OEZV+QjV36OaZYxtnt4lGmxcGsPfA==
    dependencies:
      "@ethersproject/logger" "^5.4.0"
  
  "@ethersproject/constants@5.4.0", "@ethersproject/constants@^5.4.0":
    version "5.4.0"
    resolved "https://registry.yarnpkg.com/@ethersproject/constants/-/constants-5.4.0.tgz#ee0bdcb30bf1b532d2353c977bf2ef1ee117958a"
    integrity sha512-tzjn6S7sj9+DIIeKTJLjK9WGN2Tj0P++Z8ONEIlZjyoTkBuODN+0VfhAyYksKi43l1Sx9tX2VlFfzjfmr5Wl3Q==
    dependencies:
      "@ethersproject/bignumber" "^5.4.0"
  
  "@ethersproject/contracts@5.4.1":
    version "5.4.1"
    resolved "https://registry.yarnpkg.com/@ethersproject/contracts/-/contracts-5.4.1.tgz#3eb4f35b7fe60a962a75804ada2746494df3e470"
    integrity sha512-m+z2ZgPy4pyR15Je//dUaymRUZq5MtDajF6GwFbGAVmKz/RF+DNIPwF0k5qEcL3wPGVqUjFg2/krlCRVTU4T5w==
    dependencies:
      "@ethersproject/abi" "^5.4.0"
      "@ethersproject/abstract-provider" "^5.4.0"
      "@ethersproject/abstract-signer" "^5.4.0"
      "@ethersproject/address" "^5.4.0"
      "@ethersproject/bignumber" "^5.4.0"
      "@ethersproject/bytes" "^5.4.0"
      "@ethersproject/constants" "^5.4.0"
      "@ethersproject/logger" "^5.4.0"
      "@ethersproject/properties" "^5.4.0"
      "@ethersproject/transactions" "^5.4.0"
  
  "@ethersproject/hash@5.4.0", "@ethersproject/hash@^5.4.0":
    version "5.4.0"
    resolved "https://registry.yarnpkg.com/@ethersproject/hash/-/hash-5.4.0.tgz#d18a8e927e828e22860a011f39e429d388344ae0"
    integrity sha512-xymAM9tmikKgbktOCjW60Z5sdouiIIurkZUr9oW5NOex5uwxrbsYG09kb5bMcNjlVeJD3yPivTNzViIs1GCbqA==
    dependencies:
      "@ethersproject/abstract-signer" "^5.4.0"
      "@ethersproject/address" "^5.4.0"
      "@ethersproject/bignumber" "^5.4.0"
      "@ethersproject/bytes" "^5.4.0"
      "@ethersproject/keccak256" "^5.4.0"
      "@ethersproject/logger" "^5.4.0"
      "@ethersproject/properties" "^5.4.0"
      "@ethersproject/strings" "^5.4.0"
  
  "@ethersproject/hdnode@5.4.0", "@ethersproject/hdnode@^5.4.0":
    version "5.4.0"
    resolved "https://registry.yarnpkg.com/@ethersproject/hdnode/-/hdnode-5.4.0.tgz#4bc9999b9a12eb5ce80c5faa83114a57e4107cac"
    integrity sha512-pKxdS0KAaeVGfZPp1KOiDLB0jba11tG6OP1u11QnYfb7pXn6IZx0xceqWRr6ygke8+Kw74IpOoSi7/DwANhy8Q==
    dependencies:
      "@ethersproject/abstract-signer" "^5.4.0"
      "@ethersproject/basex" "^5.4.0"
      "@ethersproject/bignumber" "^5.4.0"
      "@ethersproject/bytes" "^5.4.0"
      "@ethersproject/logger" "^5.4.0"
      "@ethersproject/pbkdf2" "^5.4.0"
      "@ethersproject/properties" "^5.4.0"
      "@ethersproject/sha2" "^5.4.0"
      "@ethersproject/signing-key" "^5.4.0"
      "@ethersproject/strings" "^5.4.0"
      "@ethersproject/transactions" "^5.4.0"
      "@ethersproject/wordlists" "^5.4.0"
  
  "@ethersproject/json-wallets@5.4.0", "@ethersproject/json-wallets@^5.4.0":
    version "5.4.0"
    resolved "https://registry.yarnpkg.com/@ethersproject/json-wallets/-/json-wallets-5.4.0.tgz#2583341cfe313fc9856642e8ace3080154145e95"
    integrity sha512-igWcu3fx4aiczrzEHwG1xJZo9l1cFfQOWzTqwRw/xcvxTk58q4f9M7cjh51EKphMHvrJtcezJ1gf1q1AUOfEQQ==
    dependencies:
      "@ethersproject/abstract-signer" "^5.4.0"
      "@ethersproject/address" "^5.4.0"
      "@ethersproject/bytes" "^5.4.0"
      "@ethersproject/hdnode" "^5.4.0"
      "@ethersproject/keccak256" "^5.4.0"
      "@ethersproject/logger" "^5.4.0"
      "@ethersproject/pbkdf2" "^5.4.0"
      "@ethersproject/properties" "^5.4.0"
      "@ethersproject/random" "^5.4.0"
      "@ethersproject/strings" "^5.4.0"
      "@ethersproject/transactions" "^5.4.0"
      aes-js "3.0.0"
      scrypt-js "3.0.1"
  
  "@ethersproject/keccak256@5.4.0", "@ethersproject/keccak256@^5.4.0":
    version "5.4.0"
    resolved "https://registry.yarnpkg.com/@ethersproject/keccak256/-/keccak256-5.4.0.tgz#7143b8eea4976080241d2bd92e3b1f1bf7025318"
    integrity sha512-FBI1plWet+dPUvAzPAeHzRKiPpETQzqSUWR1wXJGHVWi4i8bOSrpC3NwpkPjgeXG7MnugVc1B42VbfnQikyC/A==
    dependencies:
      "@ethersproject/bytes" "^5.4.0"
      js-sha3 "0.5.7"
  
  "@ethersproject/logger@5.4.0", "@ethersproject/logger@^5.4.0":
    version "5.4.0"
    resolved "https://registry.yarnpkg.com/@ethersproject/logger/-/logger-5.4.0.tgz#f39adadf62ad610c420bcd156fd41270e91b3ca9"
    integrity sha512-xYdWGGQ9P2cxBayt64d8LC8aPFJk6yWCawQi/4eJ4+oJdMMjEBMrIcIMZ9AxhwpPVmnBPrsB10PcXGmGAqgUEQ==
  
  "@ethersproject/networks@5.4.2", "@ethersproject/networks@^5.4.0":
    version "5.4.2"
    resolved "https://registry.yarnpkg.com/@ethersproject/networks/-/networks-5.4.2.tgz#2247d977626e97e2c3b8ee73cd2457babde0ce35"
    integrity sha512-eekOhvJyBnuibfJnhtK46b8HimBc5+4gqpvd1/H9LEl7Q7/qhsIhM81dI9Fcnjpk3jB1aTy6bj0hz3cifhNeYw==
    dependencies:
      "@ethersproject/logger" "^5.4.0"
  
  "@ethersproject/pbkdf2@5.4.0", "@ethersproject/pbkdf2@^5.4.0":
    version "5.4.0"
    resolved "https://registry.yarnpkg.com/@ethersproject/pbkdf2/-/pbkdf2-5.4.0.tgz#ed88782a67fda1594c22d60d0ca911a9d669641c"
    integrity sha512-x94aIv6tiA04g6BnazZSLoRXqyusawRyZWlUhKip2jvoLpzJuLb//KtMM6PEovE47pMbW+Qe1uw+68ameJjB7g==
    dependencies:
      "@ethersproject/bytes" "^5.4.0"
      "@ethersproject/sha2" "^5.4.0"
  
  "@ethersproject/properties@5.4.0", "@ethersproject/properties@^5.4.0":
    version "5.4.0"
    resolved "https://registry.yarnpkg.com/@ethersproject/properties/-/properties-5.4.0.tgz#38ba20539b44dcc5d5f80c45ad902017dcdbefe7"
    integrity sha512-7jczalGVRAJ+XSRvNA6D5sAwT4gavLq3OXPuV/74o3Rd2wuzSL035IMpIMgei4CYyBdialJMrTqkOnzccLHn4A==
    dependencies:
      "@ethersproject/logger" "^5.4.0"
  
  "@ethersproject/providers@5.4.3":
    version "5.4.3"
    resolved "https://registry.yarnpkg.com/@ethersproject/providers/-/providers-5.4.3.tgz#4cd7ccd9e12bc3875b33df8b24abf735663958a5"
    integrity sha512-VURwkaWPoUj7jq9NheNDT5Iyy64Qcyf6BOFDwVdHsmLmX/5prNjFrgSX3GHPE4z1BRrVerDxe2yayvXKFm/NNg==
    dependencies:
      "@ethersproject/abstract-provider" "^5.4.0"
      "@ethersproject/abstract-signer" "^5.4.0"
      "@ethersproject/address" "^5.4.0"
      "@ethersproject/basex" "^5.4.0"
      "@ethersproject/bignumber" "^5.4.0"
      "@ethersproject/bytes" "^5.4.0"
      "@ethersproject/constants" "^5.4.0"
      "@ethersproject/hash" "^5.4.0"
      "@ethersproject/logger" "^5.4.0"
      "@ethersproject/networks" "^5.4.0"
      "@ethersproject/properties" "^5.4.0"
      "@ethersproject/random" "^5.4.0"
      "@ethersproject/rlp" "^5.4.0"
      "@ethersproject/sha2" "^5.4.0"
      "@ethersproject/strings" "^5.4.0"
      "@ethersproject/transactions" "^5.4.0"
      "@ethersproject/web" "^5.4.0"
      bech32 "1.1.4"
      ws "7.4.6"
  
  "@ethersproject/random@5.4.0", "@ethersproject/random@^5.4.0":
    version "5.4.0"
    resolved "https://registry.yarnpkg.com/@ethersproject/random/-/random-5.4.0.tgz#9cdde60e160d024be39cc16f8de3b9ce39191e16"
    integrity sha512-pnpWNQlf0VAZDEOVp1rsYQosmv2o0ITS/PecNw+mS2/btF8eYdspkN0vIXrCMtkX09EAh9bdk8GoXmFXM1eAKw==
    dependencies:
      "@ethersproject/bytes" "^5.4.0"
      "@ethersproject/logger" "^5.4.0"
  
  "@ethersproject/rlp@5.4.0", "@ethersproject/rlp@^5.4.0":
    version "5.4.0"
    resolved "https://registry.yarnpkg.com/@ethersproject/rlp/-/rlp-5.4.0.tgz#de61afda5ff979454e76d3b3310a6c32ad060931"
    integrity sha512-0I7MZKfi+T5+G8atId9QaQKHRvvasM/kqLyAH4XxBCBchAooH2EX5rL9kYZWwcm3awYV+XC7VF6nLhfeQFKVPg==
    dependencies:
      "@ethersproject/bytes" "^5.4.0"
      "@ethersproject/logger" "^5.4.0"
  
  "@ethersproject/sha2@5.4.0", "@ethersproject/sha2@^5.4.0":
    version "5.4.0"
    resolved "https://registry.yarnpkg.com/@ethersproject/sha2/-/sha2-5.4.0.tgz#c9a8db1037014cbc4e9482bd662f86c090440371"
    integrity sha512-siheo36r1WD7Cy+bDdE1BJ8y0bDtqXCOxRMzPa4bV1TGt/eTUUt03BHoJNB6reWJD8A30E/pdJ8WFkq+/uz4Gg==
    dependencies:
      "@ethersproject/bytes" "^5.4.0"
      "@ethersproject/logger" "^5.4.0"
      hash.js "1.1.7"
  
  "@ethersproject/signing-key@5.4.0", "@ethersproject/signing-key@^5.4.0":
    version "5.4.0"
    resolved "https://registry.yarnpkg.com/@ethersproject/signing-key/-/signing-key-5.4.0.tgz#2f05120984e81cf89a3d5f6dec5c68ee0894fbec"
    integrity sha512-q8POUeywx6AKg2/jX9qBYZIAmKSB4ubGXdQ88l40hmATj29JnG5pp331nAWwwxPn2Qao4JpWHNZsQN+bPiSW9A==
    dependencies:
      "@ethersproject/bytes" "^5.4.0"
      "@ethersproject/logger" "^5.4.0"
      "@ethersproject/properties" "^5.4.0"
      bn.js "^4.11.9"
      elliptic "6.5.4"
      hash.js "1.1.7"
  
  "@ethersproject/solidity@5.4.0":
    version "5.4.0"
    resolved "https://registry.yarnpkg.com/@ethersproject/solidity/-/solidity-5.4.0.tgz#1305e058ea02dc4891df18b33232b11a14ece9ec"
    integrity sha512-XFQTZ7wFSHOhHcV1DpcWj7VXECEiSrBuv7JErJvB9Uo+KfCdc3QtUZV+Vjh/AAaYgezUEKbCtE6Khjm44seevQ==
    dependencies:
      "@ethersproject/bignumber" "^5.4.0"
      "@ethersproject/bytes" "^5.4.0"
      "@ethersproject/keccak256" "^5.4.0"
      "@ethersproject/sha2" "^5.4.0"
      "@ethersproject/strings" "^5.4.0"
  
  "@ethersproject/strings@5.4.0", "@ethersproject/strings@^5.4.0":
    version "5.4.0"
    resolved "https://registry.yarnpkg.com/@ethersproject/strings/-/strings-5.4.0.tgz#fb12270132dd84b02906a8d895ae7e7fa3d07d9a"
    integrity sha512-k/9DkH5UGDhv7aReXLluFG5ExurwtIpUfnDNhQA29w896Dw3i4uDTz01Quaptbks1Uj9kI8wo9tmW73wcIEaWA==
    dependencies:
      "@ethersproject/bytes" "^5.4.0"
      "@ethersproject/constants" "^5.4.0"
      "@ethersproject/logger" "^5.4.0"
  
  "@ethersproject/transactions@5.4.0", "@ethersproject/transactions@^5.4.0":
    version "5.4.0"
    resolved "https://registry.yarnpkg.com/@ethersproject/transactions/-/transactions-5.4.0.tgz#a159d035179334bd92f340ce0f77e83e9e1522e0"
    integrity sha512-s3EjZZt7xa4BkLknJZ98QGoIza94rVjaEed0rzZ/jB9WrIuu/1+tjvYCWzVrystXtDswy7TPBeIepyXwSYa4WQ==
    dependencies:
      "@ethersproject/address" "^5.4.0"
      "@ethersproject/bignumber" "^5.4.0"
      "@ethersproject/bytes" "^5.4.0"
      "@ethersproject/constants" "^5.4.0"
      "@ethersproject/keccak256" "^5.4.0"
      "@ethersproject/logger" "^5.4.0"
      "@ethersproject/properties" "^5.4.0"
      "@ethersproject/rlp" "^5.4.0"
      "@ethersproject/signing-key" "^5.4.0"
  
  "@ethersproject/units@5.4.0":
    version "5.4.0"
    resolved "https://registry.yarnpkg.com/@ethersproject/units/-/units-5.4.0.tgz#d57477a4498b14b88b10396062c8cbbaf20c79fe"
    integrity sha512-Z88krX40KCp+JqPCP5oPv5p750g+uU6gopDYRTBGcDvOASh6qhiEYCRatuM/suC4S2XW9Zz90QI35MfSrTIaFg==
    dependencies:
      "@ethersproject/bignumber" "^5.4.0"
      "@ethersproject/constants" "^5.4.0"
      "@ethersproject/logger" "^5.4.0"
  
  "@ethersproject/wallet@5.4.0":
    version "5.4.0"
    resolved "https://registry.yarnpkg.com/@ethersproject/wallet/-/wallet-5.4.0.tgz#fa5b59830b42e9be56eadd45a16a2e0933ad9353"
    integrity sha512-wU29majLjM6AjCjpat21mPPviG+EpK7wY1+jzKD0fg3ui5fgedf2zEu1RDgpfIMsfn8fJHJuzM4zXZ2+hSHaSQ==
    dependencies:
      "@ethersproject/abstract-provider" "^5.4.0"
      "@ethersproject/abstract-signer" "^5.4.0"
      "@ethersproject/address" "^5.4.0"
      "@ethersproject/bignumber" "^5.4.0"
      "@ethersproject/bytes" "^5.4.0"
      "@ethersproject/hash" "^5.4.0"
      "@ethersproject/hdnode" "^5.4.0"
      "@ethersproject/json-wallets" "^5.4.0"
      "@ethersproject/keccak256" "^5.4.0"
      "@ethersproject/logger" "^5.4.0"
      "@ethersproject/properties" "^5.4.0"
      "@ethersproject/random" "^5.4.0"
      "@ethersproject/signing-key" "^5.4.0"
      "@ethersproject/transactions" "^5.4.0"
      "@ethersproject/wordlists" "^5.4.0"
  
  "@ethersproject/web@5.4.0", "@ethersproject/web@^5.4.0":
    version "5.4.0"
    resolved "https://registry.yarnpkg.com/@ethersproject/web/-/web-5.4.0.tgz#49fac173b96992334ed36a175538ba07a7413d1f"
    integrity sha512-1bUusGmcoRLYgMn6c1BLk1tOKUIFuTg8j+6N8lYlbMpDesnle+i3pGSagGNvwjaiLo4Y5gBibwctpPRmjrh4Og==
    dependencies:
      "@ethersproject/base64" "^5.4.0"
      "@ethersproject/bytes" "^5.4.0"
      "@ethersproject/logger" "^5.4.0"
      "@ethersproject/properties" "^5.4.0"
      "@ethersproject/strings" "^5.4.0"
  
  "@ethersproject/wordlists@5.4.0", "@ethersproject/wordlists@^5.4.0":
    version "5.4.0"
    resolved "https://registry.yarnpkg.com/@ethersproject/wordlists/-/wordlists-5.4.0.tgz#f34205ec3bbc9e2c49cadaee774cf0b07e7573d7"
    integrity sha512-FemEkf6a+EBKEPxlzeVgUaVSodU7G0Na89jqKjmWMlDB0tomoU8RlEMgUvXyqtrg8N4cwpLh8nyRnm1Nay1isA==
    dependencies:
      "@ethersproject/bytes" "^5.4.0"
      "@ethersproject/hash" "^5.4.0"
      "@ethersproject/logger" "^5.4.0"
      "@ethersproject/properties" "^5.4.0"
      "@ethersproject/strings" "^5.4.0"
  
  "@types/mkdirp@^0.5.2":
    version "0.5.2"
    resolved "https://registry.yarnpkg.com/@types/mkdirp/-/mkdirp-0.5.2.tgz#503aacfe5cc2703d5484326b1b27efa67a339c1f"
    integrity sha512-U5icWpv7YnZYGsN4/cmh3WD2onMY0aJIiTE6+51TwJCttdHvtCYmkBNOobHlXwrJRL0nkH9jH4kD+1FAdMN4Tg==
    dependencies:
      "@types/node" "*"
  
  "@types/node@*":
    version "16.4.13"
    resolved "https://registry.yarnpkg.com/@types/node/-/node-16.4.13.tgz#7dfd9c14661edc65cccd43a29eb454174642370d"
    integrity sha512-bLL69sKtd25w7p1nvg9pigE4gtKVpGTPojBFLMkGHXuUgap2sLqQt2qUnqmVCDfzGUL0DRNZP+1prIZJbMeAXg==
  
  "@types/prettier@^2.1.1":
    version "2.3.2"
    resolved "https://registry.yarnpkg.com/@types/prettier/-/prettier-2.3.2.tgz#fc8c2825e4ed2142473b4a81064e6e081463d1b3"
    integrity sha512-eI5Yrz3Qv4KPUa/nSIAi0h+qX0XyewOliug5F2QAtuRg6Kjg6jfmxe1GIwoIRhZspD1A0RP8ANrPwvEXXtRFog==
  
  "@types/resolve@^0.0.8":
    version "0.0.8"
    resolved "https://registry.yarnpkg.com/@types/resolve/-/resolve-0.0.8.tgz#f26074d238e02659e323ce1a13d041eee280e194"
    integrity sha512-auApPaJf3NPfe18hSoJkp8EbZzer2ISk7o8mCC3M9he/a04+gbMF97NkpD2S8riMGvm4BMRI59/SZQSaLTKpsQ==
    dependencies:
      "@types/node" "*"
  
  aes-js@3.0.0:
    version "3.0.0"
    resolved "https://registry.yarnpkg.com/aes-js/-/aes-js-3.0.0.tgz#e21df10ad6c2053295bcbb8dab40b09dbea87e4d"
    integrity sha1-4h3xCtbCBTKVvLuNq0Cwnb6ofk0=
  
  ansi-styles@^3.2.1:
    version "3.2.1"
    resolved "https://registry.yarnpkg.com/ansi-styles/-/ansi-styles-3.2.1.tgz#41fbb20243e50b12be0f04b8dedbf07520ce841d"
    integrity sha512-VT0ZI6kZRdTh8YyJw3SMbYm/u+NqfsAxEpWO0Pf9sq8/e94WxxOpPKx9FR1FlyCtOVDNOQ+8ntlqFxiRc+r5qA==
    dependencies:
      color-convert "^1.9.0"
  
  arg@^4.1.0:
    version "4.1.3"
    resolved "https://registry.yarnpkg.com/arg/-/arg-4.1.3.tgz#269fc7ad5b8e42cb63c896d5666017261c144089"
    integrity sha512-58S9QDqG0Xx27YwPSt9fJxivjYl432YCwfDMfZ+71RAqUrZef7LrKQZ3LHLOwCS4FLNBplP533Zx895SeOCHvA==
  
  balanced-match@^1.0.0:
    version "1.0.2"
    resolved "https://registry.yarnpkg.com/balanced-match/-/balanced-match-1.0.2.tgz#e83e3a7e3f300b34cb9d87f615fa0cbf357690ee"
    integrity sha512-3oSeUO0TMV67hN1AmbXsK4yaqU7tjiHlbxRDZOpH0KW9+CeX4bRAaX0Anxt0tx2MrpRpWwQaPwIlISEJhYU5Pw==
  
  bech32@1.1.4:
    version "1.1.4"
    resolved "https://registry.yarnpkg.com/bech32/-/bech32-1.1.4.tgz#e38c9f37bf179b8eb16ae3a772b40c356d4832e9"
    integrity sha512-s0IrSOzLlbvX7yp4WBfPITzpAU8sqQcpsmwXDiKwrG4r491vwCO/XpejasRNl0piBMe/DvP4Tz0mIS/X1DPJBQ==
  
  bn.js@^4.11.9:
    version "4.12.0"
    resolved "https://registry.yarnpkg.com/bn.js/-/bn.js-4.12.0.tgz#775b3f278efbb9718eec7361f483fb36fbbfea88"
    integrity sha512-c98Bf3tPniI+scsdk237ku1Dc3ujXQTSgyiPUDEOe7tRkhrqridvh8klBv0HCEso1OLOYcHuCv/cS6DNxKH+ZA==
  
  brace-expansion@^1.1.7:
    version "1.1.11"
    resolved "https://registry.yarnpkg.com/brace-expansion/-/brace-expansion-1.1.11.tgz#3c7fcbf529d87226f3d2f52b966ff5271eb441dd"
    integrity sha512-iCuPHDFgrHX7H2vEI/5xpz07zSHB00TpugqhmYtVmMO6518mCuRMoOYFldEBl0g187ufozdaHgWKcYFb61qGiA==
    dependencies:
      balanced-match "^1.0.0"
      concat-map "0.0.1"
  
  brorand@^1.1.0:
    version "1.1.0"
    resolved "https://registry.yarnpkg.com/brorand/-/brorand-1.1.0.tgz#12c25efe40a45e3c323eb8675a0a0ce57b22371f"
    integrity sha1-EsJe/kCkXjwyPrhnWgoM5XsiNx8=
  
  buffer-from@^1.0.0:
    version "1.1.2"
    resolved "https://registry.yarnpkg.com/buffer-from/-/buffer-from-1.1.2.tgz#2b146a6fd72e80b4f55d255f35ed59a3a9a41bd5"
    integrity sha512-E+XQCRwSbaaiChtv6k6Dwgc+bx+Bs6vuKJHHl5kox/BaKbhiXzqQOwK4cO22yElGp2OCmjwVhT3HmxgyPGnJfQ==
  
  chalk@^2.4.1:
    version "2.4.2"
    resolved "https://registry.yarnpkg.com/chalk/-/chalk-2.4.2.tgz#cd42541677a54333cf541a49108c1432b44c9424"
    integrity sha512-Mti+f9lpJNcwF4tWV8/OrTTtF1gZi+f8FqlyAdouralcFWFQWF2+NgCHShjkCb+IFBLq9buZwE1xckQU4peSuQ==
    dependencies:
      ansi-styles "^3.2.1"
      escape-string-regexp "^1.0.5"
      supports-color "^5.3.0"
  
  color-convert@^1.9.0:
    version "1.9.3"
    resolved "https://registry.yarnpkg.com/color-convert/-/color-convert-1.9.3.tgz#bb71850690e1f136567de629d2d5471deda4c1e8"
    integrity sha512-QfAUtd+vFdAtFQcC8CCyYt1fYWxSqAiK2cSD6zDB8N3cpsEBAvRxp9zOGg6G/SHHJYAT88/az/IuDGALsNVbGg==
    dependencies:
      color-name "1.1.3"
  
  color-name@1.1.3:
    version "1.1.3"
    resolved "https://registry.yarnpkg.com/color-name/-/color-name-1.1.3.tgz#a7d0558bd89c42f795dd42328f740831ca53bc25"
    integrity sha1-p9BVi9icQveV3UIyj3QIMcpTvCU=
  
  concat-map@0.0.1:
    version "0.0.1"
    resolved "https://registry.yarnpkg.com/concat-map/-/concat-map-0.0.1.tgz#d8a96bd77fd68df7793a73036a3ba0d5405d477b"
    integrity sha1-2Klr13/Wjfd5OnMDajug1UBdR3s=
  
  create-require@^1.1.0:
    version "1.1.1"
    resolved "https://registry.yarnpkg.com/create-require/-/create-require-1.1.1.tgz#c1d7e8f1e5f6cfc9ff65f9cd352d37348756c333"
    integrity sha512-dcKFX3jn0MpIaXjisoRvexIJVEKzaq7z2rZKxf+MSr9TkdmHmsU4m2lcLojrj/FHl8mk5VxMmYA+ftRkP/3oKQ==
  
  diff@^4.0.1:
    version "4.0.2"
    resolved "https://registry.yarnpkg.com/diff/-/diff-4.0.2.tgz#60f3aecb89d5fae520c11aa19efc2bb982aade7d"
    integrity sha512-58lmxKSA4BNyLz+HHMUzlOEpg09FV+ev6ZMe3vJihgdxzgcwZ8VoEEPmALCZG9LmqfVoNMMKpttIYTVG6uDY7A==
  
  elliptic@6.5.4:
    version "6.5.4"
    resolved "https://registry.yarnpkg.com/elliptic/-/elliptic-6.5.4.tgz#da37cebd31e79a1367e941b592ed1fbebd58abbb"
    integrity sha512-iLhC6ULemrljPZb+QutR5TQGB+pdW6KGD5RSegS+8sorOZT+rdQFbsQFJgvN3eRqNALqJer4oQ16YvJHlU8hzQ==
    dependencies:
      bn.js "^4.11.9"
      brorand "^1.1.0"
      hash.js "^1.0.0"
      hmac-drbg "^1.0.1"
      inherits "^2.0.4"
      minimalistic-assert "^1.0.1"
      minimalistic-crypto-utils "^1.0.1"
  
  escape-string-regexp@^1.0.5:
    version "1.0.5"
    resolved "https://registry.yarnpkg.com/escape-string-regexp/-/escape-string-regexp-1.0.5.tgz#1b61c0562190a8dff6ae3bb2cf0200ca130b86d4"
    integrity sha1-G2HAViGQqN/2rjuyzwIAyhMLhtQ=
  
  ethers@5.4.4:
    version "5.4.4"
    resolved "https://registry.yarnpkg.com/ethers/-/ethers-5.4.4.tgz#35cce530505b84c699da944162195cfb3f894947"
    integrity sha512-zaTs8yaDjfb0Zyj8tT6a+/hEkC+kWAA350MWRp6yP5W7NdGcURRPMOpOU+6GtkfxV9wyJEShWesqhE/TjdqpMA==
    dependencies:
      "@ethersproject/abi" "5.4.0"
      "@ethersproject/abstract-provider" "5.4.1"
      "@ethersproject/abstract-signer" "5.4.1"
      "@ethersproject/address" "5.4.0"
      "@ethersproject/base64" "5.4.0"
      "@ethersproject/basex" "5.4.0"
      "@ethersproject/bignumber" "5.4.1"
      "@ethersproject/bytes" "5.4.0"
      "@ethersproject/constants" "5.4.0"
      "@ethersproject/contracts" "5.4.1"
      "@ethersproject/hash" "5.4.0"
      "@ethersproject/hdnode" "5.4.0"
      "@ethersproject/json-wallets" "5.4.0"
      "@ethersproject/keccak256" "5.4.0"
      "@ethersproject/logger" "5.4.0"
      "@ethersproject/networks" "5.4.2"
      "@ethersproject/pbkdf2" "5.4.0"
      "@ethersproject/properties" "5.4.0"
      "@ethersproject/providers" "5.4.3"
      "@ethersproject/random" "5.4.0"
      "@ethersproject/rlp" "5.4.0"
      "@ethersproject/sha2" "5.4.0"
      "@ethersproject/signing-key" "5.4.0"
      "@ethersproject/solidity" "5.4.0"
      "@ethersproject/strings" "5.4.0"
      "@ethersproject/transactions" "5.4.0"
      "@ethersproject/units" "5.4.0"
      "@ethersproject/wallet" "5.4.0"
      "@ethersproject/web" "5.4.0"
      "@ethersproject/wordlists" "5.4.0"
  
  fs.realpath@^1.0.0:
    version "1.0.0"
    resolved "https://registry.yarnpkg.com/fs.realpath/-/fs.realpath-1.0.0.tgz#1504ad2523158caa40db4a2787cb01411994ea4f"
    integrity sha1-FQStJSMVjKpA20onh8sBQRmU6k8=
  
  function-bind@^1.1.1:
    version "1.1.1"
    resolved "https://registry.yarnpkg.com/function-bind/-/function-bind-1.1.1.tgz#a56899d3ea3c9bab874bb9773b7c5ede92f4895d"
    integrity sha512-yIovAzMX49sF8Yl58fSCWJ5svSLuaibPxXQJFLmBObTuCr0Mf1KiPopGM9NiFjiYBCbfaa2Fh6breQ6ANVTI0A==
  
  glob@^7.1.2:
    version "7.1.7"
    resolved "https://registry.yarnpkg.com/glob/-/glob-7.1.7.tgz#3b193e9233f01d42d0b3f78294bbeeb418f94a90"
    integrity sha512-OvD9ENzPLbegENnYP5UUfJIirTg4+XwMWGaQfQTY0JenxNvvIKP3U3/tAQSPIu/lHxXYSZmpXlUHeqAIdKzBLQ==
    dependencies:
      fs.realpath "^1.0.0"
      inflight "^1.0.4"
      inherits "2"
      minimatch "^3.0.4"
      once "^1.3.0"
      path-is-absolute "^1.0.0"
  
  has-flag@^3.0.0:
    version "3.0.0"
    resolved "https://registry.yarnpkg.com/has-flag/-/has-flag-3.0.0.tgz#b5d454dc2199ae225699f3467e5a07f3b955bafd"
    integrity sha1-tdRU3CGZriJWmfNGfloH87lVuv0=
  
  has@^1.0.3:
    version "1.0.3"
    resolved "https://registry.yarnpkg.com/has/-/has-1.0.3.tgz#722d7cbfc1f6aa8241f16dd814e011e1f41e8796"
    integrity sha512-f2dvO0VU6Oej7RkWJGrehjbzMAjFp5/VKPp5tTpWIV4JHHZK1/BxbFRtf/siA2SWTe09caDmVtYYzWEIbBS4zw==
    dependencies:
      function-bind "^1.1.1"
  
  hash.js@1.1.7, hash.js@^1.0.0, hash.js@^1.0.3:
    version "1.1.7"
    resolved "https://registry.yarnpkg.com/hash.js/-/hash.js-1.1.7.tgz#0babca538e8d4ee4a0f8988d68866537a003cf42"
    integrity sha512-taOaskGt4z4SOANNseOviYDvjEJinIkRgmp7LbKP2YTTmVxWBl87s/uzK9r+44BclBSp2X7K1hqeNfz9JbBeXA==
    dependencies:
      inherits "^2.0.3"
      minimalistic-assert "^1.0.1"
  
  hmac-drbg@^1.0.1:
    version "1.0.1"
    resolved "https://registry.yarnpkg.com/hmac-drbg/-/hmac-drbg-1.0.1.tgz#d2745701025a6c775a6c545793ed502fc0c649a1"
    integrity sha1-0nRXAQJabHdabFRXk+1QL8DGSaE=
    dependencies:
      hash.js "^1.0.3"
      minimalistic-assert "^1.0.0"
      minimalistic-crypto-utils "^1.0.1"
  
  inflight@^1.0.4:
    version "1.0.6"
    resolved "https://registry.yarnpkg.com/inflight/-/inflight-1.0.6.tgz#49bd6331d7d02d0c09bc910a1075ba8165b56df9"
    integrity sha1-Sb1jMdfQLQwJvJEKEHW6gWW1bfk=
    dependencies:
      once "^1.3.0"
      wrappy "1"
  
  inherits@2, inherits@^2.0.3, inherits@^2.0.4:
    version "2.0.4"
    resolved "https://registry.yarnpkg.com/inherits/-/inherits-2.0.4.tgz#0fa2c64f932917c3433a0ded55363aae37416b7c"
    integrity sha512-k/vGaX4/Yla3WzyMCvTQOXYeIHvqOKtnqBduzTHpzpQZzAskKMhZ2K+EnBiSM9zGSoIFeMpXKxa4dYeZIQqewQ==
  
  is-core-module@^2.2.0:
    version "2.5.0"
    resolved "https://registry.yarnpkg.com/is-core-module/-/is-core-module-2.5.0.tgz#f754843617c70bfd29b7bd87327400cda5c18491"
    integrity sha512-TXCMSDsEHMEEZ6eCA8rwRDbLu55MRGmrctljsBX/2v1d9/GzqHOxW5c5oPSgrUt2vBFXebu9rGqckXGPWOlYpg==
    dependencies:
      has "^1.0.3"
  
  js-sha3@0.5.7:
    version "0.5.7"
    resolved "https://registry.yarnpkg.com/js-sha3/-/js-sha3-0.5.7.tgz#0d4ffd8002d5333aabaf4a23eed2f6374c9f28e7"
    integrity sha1-DU/9gALVMzqrr0oj7tL2N0yfKOc=
  
  make-error@^1.1.1:
    version "1.3.6"
    resolved "https://registry.yarnpkg.com/make-error/-/make-error-1.3.6.tgz#2eb2e37ea9b67c4891f684a1394799af484cf7a2"
    integrity sha512-s8UhlNe7vPKomQhC1qFelMokr/Sc3AgNbso3n74mVPA5LTZwkB9NlXf4XPamLxJE8h0gh73rM94xvwRT2CVInw==
  
  minimalistic-assert@^1.0.0, minimalistic-assert@^1.0.1:
    version "1.0.1"
    resolved "https://registry.yarnpkg.com/minimalistic-assert/-/minimalistic-assert-1.0.1.tgz#2e194de044626d4a10e7f7fbc00ce73e83e4d5c7"
    integrity sha512-UtJcAD4yEaGtjPezWuO9wC4nwUnVH/8/Im3yEHQP4b67cXlD/Qr9hdITCU1xDbSEXg2XKNaP8jsReV7vQd00/A==
  
  minimalistic-crypto-utils@^1.0.1:
    version "1.0.1"
    resolved "https://registry.yarnpkg.com/minimalistic-crypto-utils/-/minimalistic-crypto-utils-1.0.1.tgz#f6c00c1c0b082246e5c4d99dfb8c7c083b2b582a"
    integrity sha1-9sAMHAsIIkblxNmd+4x8CDsrWCo=
  
  minimatch@^3.0.4:
    version "3.0.4"
    resolved "https://registry.yarnpkg.com/minimatch/-/minimatch-3.0.4.tgz#5166e286457f03306064be5497e8dbb0c3d32083"
    integrity sha512-yJHVQEhyqPLUTgt9B83PXu6W3rx4MvvHvSUvToogpwoGDOUQ+yDrR0HRot+yOCdCO7u4hX3pWft6kWBBcqh0UA==
    dependencies:
      brace-expansion "^1.1.7"
  
  minimist@^1.2.5:
    version "1.2.5"
    resolved "https://registry.yarnpkg.com/minimist/-/minimist-1.2.5.tgz#67d66014b66a6a8aaa0c083c5fd58df4e4e97602"
    integrity sha512-FM9nNUYrRBAELZQT3xeZQ7fmMOBg6nWNmJKTcgsJeaLstP/UODVpGsr5OhXhhXg6f+qtJ8uiZ+PUxkDWcgIXLw==
  
  mkdirp@^0.5.1:
    version "0.5.5"
    resolved "https://registry.yarnpkg.com/mkdirp/-/mkdirp-0.5.5.tgz#d91cefd62d1436ca0f41620e251288d420099def"
    integrity sha512-NKmAlESf6jMGym1++R0Ra7wvhV+wFW63FaSOFPwRahvea0gMUcGUhVeAg/0BC0wiv9ih5NYPB1Wn1UEI1/L+xQ==
    dependencies:
      minimist "^1.2.5"
  
  once@^1.3.0:
    version "1.4.0"
    resolved "https://registry.yarnpkg.com/once/-/once-1.4.0.tgz#583b1aa775961d4b113ac17d9c50baef9dd76bd1"
    integrity sha1-WDsap3WWHUsROsF9nFC6753Xa9E=
    dependencies:
      wrappy "1"
  
  path-is-absolute@^1.0.0:
    version "1.0.1"
    resolved "https://registry.yarnpkg.com/path-is-absolute/-/path-is-absolute-1.0.1.tgz#174b9268735534ffbc7ace6bf53a5a9e1b5c5f5f"
    integrity sha1-F0uSaHNVNP+8es5r9TpanhtcX18=
  
  path-parse@^1.0.6:
    version "1.0.7"
    resolved "https://registry.yarnpkg.com/path-parse/-/path-parse-1.0.7.tgz#fbc114b60ca42b30d9daf5858e4bd68bbedb6735"
    integrity sha512-LDJzPVEEEPR+y48z93A0Ed0yXb8pAByGWo/k5YYdYgpY2/2EsOsksJrq7lOHxryrVOn1ejG6oAp8ahvOIQD8sw==
  
  prettier@2.2.1:
    version "2.2.1"
    resolved "https://registry.yarnpkg.com/prettier/-/prettier-2.2.1.tgz#795a1a78dd52f073da0cd42b21f9c91381923ff5"
    integrity sha512-PqyhM2yCjg/oKkFPtTGUojv7gnZAoG80ttl45O6x2Ug/rMJw4wcc9k6aaf2hibP7BGVCCM33gZoGjyvt9mm16Q==
  
  prettier@^2.1.2:
    version "2.3.2"
    resolved "https://registry.yarnpkg.com/prettier/-/prettier-2.3.2.tgz#ef280a05ec253712e486233db5c6f23441e7342d"
    integrity sha512-lnJzDfJ66zkMy58OL5/NY5zp70S7Nz6KqcKkXYzn2tMVrNxvbqaBpg7H3qHaLxCJ5lNMsGuM8+ohS7cZrthdLQ==
  
  resolve@^1.8.1:
    version "1.20.0"
    resolved "https://registry.yarnpkg.com/resolve/-/resolve-1.20.0.tgz#629a013fb3f70755d6f0b7935cc1c2c5378b1975"
    integrity sha512-wENBPt4ySzg4ybFQW2TT1zMQucPK95HSh/nq2CFTZVOGut2+pQvSsgtda4d26YrYcr067wjbmzOG8byDPBX63A==
    dependencies:
      is-core-module "^2.2.0"
      path-parse "^1.0.6"
  
  scrypt-js@3.0.1:
    version "3.0.1"
    resolved "https://registry.yarnpkg.com/scrypt-js/-/scrypt-js-3.0.1.tgz#d314a57c2aef69d1ad98a138a21fe9eafa9ee312"
    integrity sha512-cdwTTnqPu0Hyvf5in5asVdZocVDTNRmR7XEcJuIzMjJeSHybHl7vpB66AzwTaIg6CLSbtjcxc8fqcySfnTkccA==
  
  source-map-support@^0.5.17:
    version "0.5.19"
    resolved "https://registry.yarnpkg.com/source-map-support/-/source-map-support-0.5.19.tgz#a98b62f86dcaf4f67399648c085291ab9e8fed61"
    integrity sha512-Wonm7zOCIJzBGQdB+thsPar0kYuCIzYvxZwlBa87yi/Mdjv7Tip2cyVbLj5o0cFPN4EVkuTwb3GDDyUx2DGnGw==
    dependencies:
      buffer-from "^1.0.0"
      source-map "^0.6.0"
  
  source-map@^0.6.0:
    version "0.6.1"
    resolved "https://registry.yarnpkg.com/source-map/-/source-map-0.6.1.tgz#74722af32e9614e9c287a8d0bbde48b5e2f1a263"
    integrity sha512-UjgapumWlbMhkBgzT7Ykc5YXUT46F0iKu8SGXq0bcwP5dz/h0Plj6enJqjz1Zbq2l5WaqYnrVbwWOWMyF3F47g==
  
  supports-color@^5.3.0:
    version "5.5.0"
    resolved "https://registry.yarnpkg.com/supports-color/-/supports-color-5.5.0.tgz#e2e69a44ac8772f78a1ec0b35b689df6530efc8f"
    integrity sha512-QjVjwdXIt408MIiAqCX4oUKsgU2EqAGzs2Ppkm4aQYbjm+ZEWEcW4SfFNTr4uMNZma0ey4f5lgLrkB0aX0QMow==
    dependencies:
      has-flag "^3.0.0"
  
  ts-essentials@^1.0.0:
    version "1.0.4"
    resolved "https://registry.yarnpkg.com/ts-essentials/-/ts-essentials-1.0.4.tgz#ce3b5dade5f5d97cf69889c11bf7d2da8555b15a"
    integrity sha512-q3N1xS4vZpRouhYHDPwO0bDW3EZ6SK9CrrDHxi/D6BPReSjpVgWIOpLS2o0gSBZm+7q/wyKp6RVM1AeeW7uyfQ==
  
  ts-generator@0.1.1:
    version "0.1.1"
    resolved "https://registry.yarnpkg.com/ts-generator/-/ts-generator-0.1.1.tgz#af46f2fb88a6db1f9785977e9590e7bcd79220ab"
    integrity sha512-N+ahhZxTLYu1HNTQetwWcx3so8hcYbkKBHTr4b4/YgObFTIKkOSSsaa+nal12w8mfrJAyzJfETXawbNjSfP2gQ==
    dependencies:
      "@types/mkdirp" "^0.5.2"
      "@types/prettier" "^2.1.1"
      "@types/resolve" "^0.0.8"
      chalk "^2.4.1"
      glob "^7.1.2"
      mkdirp "^0.5.1"
      prettier "^2.1.2"
      resolve "^1.8.1"
      ts-essentials "^1.0.0"
  
  ts-node@9.1.1:
    version "9.1.1"
    resolved "https://registry.yarnpkg.com/ts-node/-/ts-node-9.1.1.tgz#51a9a450a3e959401bda5f004a72d54b936d376d"
    integrity sha512-hPlt7ZACERQGf03M253ytLY3dHbGNGrAq9qIHWUY9XHYl1z7wYngSr3OQ5xmui8o2AaxsONxIzjafLUiWBo1Fg==
    dependencies:
      arg "^4.1.0"
      create-require "^1.1.0"
      diff "^4.0.1"
      make-error "^1.1.1"
      source-map-support "^0.5.17"
      yn "3.1.1"
  
  typescript@4.2.3:
    version "4.2.3"
    resolved "https://registry.yarnpkg.com/typescript/-/typescript-4.2.3.tgz#39062d8019912d43726298f09493d598048c1ce3"
    integrity sha512-qOcYwxaByStAWrBf4x0fibwZvMRG+r4cQoTjbPtUlrWjBHbmCAww1i448U0GJ+3cNNEtebDteo/cHOR3xJ4wEw==
  
  wrappy@1:
    version "1.0.2"
    resolved "https://registry.yarnpkg.com/wrappy/-/wrappy-1.0.2.tgz#b5243d8f3ec1aa35f1364605bc0d1036e30ab69f"
    integrity sha1-tSQ9jz7BqjXxNkYFvA0QNuMKtp8=
  
  ws@7.4.6:
    version "7.4.6"
    resolved "https://registry.yarnpkg.com/ws/-/ws-7.4.6.tgz#5654ca8ecdeee47c33a9a4bf6d28e2be2980377c"
    integrity sha512-YmhHDO4MzaDLB+M9ym/mDA5z0naX8j7SIlT8f8z+I0VtzsRbekxEutHSme7NPS2qE8StCYQNUnfWdXta/Yu85A==
  
  yn@3.1.1:
    version "3.1.1"
    resolved "https://registry.yarnpkg.com/yn/-/yn-3.1.1.tgz#1e87401a09d767c1d5eab26a6e4c185182d2eb50"
    integrity sha512-Ux4ygGWsu2c7isFWe8Yu1YluJmqVhxqK2cLXNQA5AcC3QfbGNpM7fu0Y8b/z16pXLnFxZYvWhd3fhBY9DLmC6Q==
